2020-08-06 00:25:26 [restartedMain] INFO  o.s.b.d.e.DevToolsPropertyDefaultsPostProcessor - Devtools property defaults active! Set 'spring.devtools.add-properties' to 'false' to disable
2020-08-06 00:25:26 [restartedMain] INFO  o.s.b.d.e.DevToolsPropertyDefaultsPostProcessor - For additional web related logging consider setting the 'logging.level.web' property to 'DEBUG'
2020-08-06 00:25:26 [restartedMain] INFO  o.s.d.r.c.RepositoryConfigurationDelegate - Bootstrapping Spring Data JPA repositories in DEFERRED mode.
2020-08-06 00:25:27 [restartedMain] INFO  o.s.d.r.c.RepositoryConfigurationDelegate - Finished Spring Data repository scanning in 86ms. Found 1 JPA repository interfaces.
2020-08-06 00:25:28 [restartedMain] INFO  o.s.s.c.ThreadPoolTaskExecutor - Initializing ExecutorService 'applicationTaskExecutor'
2020-08-06 00:25:28 [task-1] INFO  o.h.jpa.internal.util.LogHelper - HHH000204: Processing PersistenceUnitInfo [name: default]
2020-08-06 00:25:28 [task-1] INFO  org.hibernate.Version - HHH000412: Hibernate ORM core version 5.4.17.Final
2020-08-06 00:25:28 [restartedMain] INFO  com.zaxxer.hikari.HikariDataSource - HikariPool-1 - Starting...
2020-08-06 00:25:28 [task-1] INFO  o.h.annotations.common.Version - HCANN000001: Hibernate Commons Annotations {5.1.0.Final}
2020-08-06 00:25:29 [restartedMain] INFO  com.zaxxer.hikari.HikariDataSource - HikariPool-1 - Start completed.
2020-08-06 00:25:29 [task-1] INFO  org.hibernate.dialect.Dialect - HHH000400: Using dialect: org.hibernate.dialect.SQLServer2012Dialect
2020-08-06 00:25:29 [restartedMain] WARN  o.s.b.a.batch.JpaBatchConfigurer - JPA does not support custom isolation levels, so locks may not be taken when launching Jobs
2020-08-06 00:25:29 [restartedMain] INFO  o.s.b.c.r.s.JobRepositoryFactoryBean - No database type set, using meta data indicating: SQLSERVER
2020-08-06 00:25:29 [restartedMain] INFO  o.s.b.c.l.support.SimpleJobLauncher - No TaskExecutor has been set, defaulting to synchronous executor.
2020-08-06 00:25:30 [restartedMain] INFO  o.s.b.d.a.OptionalLiveReloadServer - LiveReload server is running on port 35729
2020-08-06 00:25:30 [restartedMain] INFO  o.s.d.r.c.DeferredRepositoryInitializationListener - Triggering deferred initialization of Spring Data repositories…
2020-08-06 00:25:31 [task-1] INFO  o.h.e.t.j.p.i.JtaPlatformInitiator - HHH000490: Using JtaPlatform implementation: [org.hibernate.engine.transaction.jta.platform.internal.NoJtaPlatform]
2020-08-06 00:25:31 [task-1] INFO  o.s.o.j.LocalContainerEntityManagerFactoryBean - Initialized JPA EntityManagerFactory for persistence unit 'default'
2020-08-06 00:25:31 [restartedMain] INFO  o.s.d.r.c.DeferredRepositoryInitializationListener - Spring Data repositories initialized!
2020-08-06 00:25:31 [restartedMain] INFO  o.s.b.a.b.JobLauncherApplicationRunner - Running default command line with: []
2020-08-06 00:25:32 [restartedMain] INFO  o.s.b.c.l.support.SimpleJobLauncher - Job: [SimpleJob: [name=ETL-Load]] launched with the following parameters: [{run.id=150}]
2020-08-06 00:25:32 [restartedMain] INFO  o.s.b.core.job.SimpleStepHandler - Executing step: [ETL-file-load]
2020-08-06 00:25:32 [restartedMain] INFO  o.s.batch.core.step.AbstractStep - Step: [ETL-file-load] executed in 188ms
2020-08-06 00:25:32 [restartedMain] INFO  o.s.b.c.l.support.SimpleJobLauncher - Job: [SimpleJob: [name=ETL-Load]] completed with the following parameters: [{run.id=150}] and the following status: [COMPLETED] in 262ms
2020-08-06 00:25:32 [restartedMain] ERROR com.java.project.ProjectApplication - Message logged at ERROR level
2020-08-06 00:26:31 [SpringContextShutdownHook] INFO  o.s.o.j.LocalContainerEntityManagerFactoryBean - Closing JPA EntityManagerFactory for persistence unit 'default'
2020-08-06 00:26:31 [SpringContextShutdownHook] INFO  o.s.s.c.ThreadPoolTaskExecutor - Shutting down ExecutorService 'applicationTaskExecutor'
2020-08-06 00:26:31 [SpringContextShutdownHook] INFO  com.zaxxer.hikari.HikariDataSource - HikariPool-1 - Shutdown initiated...
2020-08-06 00:26:31 [SpringContextShutdownHook] INFO  com.zaxxer.hikari.HikariDataSource - HikariPool-1 - Shutdown completed.
